#
# A fatal error has been detected by the Java Runtime Environment:
#
#  EXCEPTION_ACCESS_VIOLATION (0xc0000005) at pc=0x00000000053f9a1d, pid=1216, tid=0x00000000000036f8
#
# JRE version: Java(TM) SE Runtime Environment (8.0_201-b09) (build 1.8.0_201-b09)
# Java VM: Java HotSpot(TM) 64-Bit Server VM (25.201-b09 mixed mode windows-amd64 compressed oops)
# Problematic frame:
# J 11657 C2 java.util.TimSort.gallopRight(Ljava/lang/Object;[Ljava/lang/Object;IIILjava/util/Comparator;)I (335 bytes) @ 0x00000000053f9a1d [0x00000000053f96c0+0x35d]
#
# Failed to write core dump. Minidumps are not enabled by default on client versions of Windows
#
# If you would like to submit a bug report, please visit:
#   http://bugreport.java.com/bugreport/crash.jsp
#

---------------  T H R E A D  ---------------

Current thread (0x0000000026937000):  JavaThread "AWT-EventQueue-0" [_thread_in_Java, id=14072, stack(0x0000000027ab0000,0x0000000027bb0000)]

siginfo: ExceptionCode=0xc0000005, reading address 0x0000000000000020

Registers:
RAX=0x0000000782a97c08, RBX=0x0000000782a52b88, RCX=0x000000078c7261a8, RDX=0x0000000000000489
RSP=0x0000000027bac520, RBP=0x000000000000032a, RSI=0x00000000f054a83e, RDI=0x00000006c4d1e7b8
R8 =0x00000000f17f2045, R9 =0x000000000000032a, R10=0x00000000f054a83e, R11=0x0000000000000000
R12=0x0000000000000000, R13=0x00000006c0ce7720, R14=0x00000000d89a3ae9, R15=0x0000000026937000
RIP=0x00000000053f9a1d, EFLAGS=0x0000000000010247

Top of Stack: (sp=0x0000000027bac520)
0x0000000027bac520:   000004890000032a 00000006d89a3d01
0x0000000027bac530:   f054a84ff054a83e 0000001b00000000
0x0000000027bac540:   000000000000032a 000000078bf90228
0x0000000027bac550:   0000000782a52b88 0000000782a5a4a8
0x0000000027bac560:   000000078c7261a8 0000000782a52b88
0x0000000027bac570:   00000007c07b6c28 f054a84ff054a83e
0x0000000027bac580:   00000001f800233c 0000000782a5b1cc
0x0000000027bac590:   0000035000000351 0000048900000345
0x0000000027bac5a0:   f054a57100000351 0000000782a5a4a8
0x0000000027bac5b0:   000000078c7261a8 00000007c07b6c28
0x0000000027bac5c0:   000000000000032a 0000000004906d28
0x0000000027bac5d0:   0000000782a5b6e0 f054a571d89a3af3
0x0000000027bac5e0:   f054a84ff054a83e 0000001b00000345
0x0000000027bac5f0:   000000070000000c 0000000000000345
0x0000000027bac600:   0000000080000000 0000000000000000
0x0000000027bac610:   0000000782a5b6e0 00000000054d7920 

Instructions: (pc=0x00000000053f9a1d)
0x00000000053f99fd:   ea 5a d3 c5 eb 59 d2 c5 f3 58 ca c5 f3 58 e8 c5
0x00000000053f9a0d:   f9 2e e5 7a 06 0f 84 35 2d 00 00 44 8b 5c 24 18
0x00000000053f9a1d:   c4 81 7a 10 44 dc 20 c4 81 7a 58 4c dc 1c c4 81
0x00000000053f9a2d:   7a 10 44 dc 18 c4 81 7a 58 5c dc 14 c5 f2 59 05 


Register to memory mapping:

RAX=0x0000000782a97c08 is an oop
org.jzy3d.maths.Coord3d 
 - klass: 'org/jzy3d/maths/Coord3d'
RBX=0x0000000782a52b88 is an oop
sc.fiji.snt.viewer.OBJMesh$RemountableDrawableVBO 
 - klass: 'sc/fiji/snt/viewer/OBJMesh$RemountableDrawableVBO'
RCX=0x000000078c7261a8 is an oop
org.jzy3d.plot3d.rendering.ordering.BarycentreOrderingStrategy 
 - klass: 'org/jzy3d/plot3d/rendering/ordering/BarycentreOrderingStrategy'
RDX=0x0000000000000489 is an unknown value
RSP=0x0000000027bac520 is pointing into the stack for thread: 0x0000000026937000
RBP=0x000000000000032a is an unknown value
RSI=0x00000000f054a83e is an unknown value
RDI=0x00000006c4d1e7b8 is an oop
org.jzy3d.plot3d.primitives.LineStrip 
 - klass: 'org/jzy3d/plot3d/primitives/LineStrip'
R8 =0x00000000f17f2045 is an unknown value
R9 =0x000000000000032a is an unknown value
R10=0x00000000f054a83e is an unknown value
R11=0x0000000000000000 is an unknown value
R12=0x0000000000000000 is an unknown value
R13=0x00000006c0ce7720 is an oop
java.lang.ClassCastException 
 - klass: 'java/lang/ClassCastException'
R14=0x00000000d89a3ae9 is an unknown value
R15=0x0000000026937000 is a thread


Stack: [0x0000000027ab0000,0x0000000027bb0000],  sp=0x0000000027bac520,  free space=1009k
Native frames: (J=compiled Java code, j=interpreted, Vv=VM code, C=native code)
C  0x00000000053f9a1d


---------------  P R O C E S S  ---------------

Java Threads: ( => current thread )
  0x00000000225b6800 JavaThread "Keep-Alive-Timer" daemon [_thread_blocked, id=9536, stack(0x0000000043090000,0x0000000043190000)]
  0x00000000225bd000 JavaThread "OkHttp ConnectionPool" daemon [_thread_blocked, id=11976, stack(0x0000000042b30000,0x0000000042c30000)]
  0x00000000225bb000 JavaThread "Image Fetcher 0" daemon [_thread_blocked, id=1928, stack(0x0000000041a90000,0x0000000041b90000)]
  0x00000000225b4000 JavaThread "SwingWorker-pool-1-thread-5-AWTAnimator#08" [_thread_blocked, id=7468, stack(0x0000000001420000,0x0000000001520000)]
  0x00000000225ba000 JavaThread "SwingWorker-pool-1-thread-5" daemon [_thread_blocked, id=5476, stack(0x000000003d9d0000,0x000000003dad0000)]
  0x00000000225b2000 JavaThread "OkHttp ConnectionPool" daemon [_thread_blocked, id=11192, stack(0x0000000040b10000,0x0000000040c10000)]
  0x00000000225b7000 JavaThread "Okio Watchdog" daemon [_thread_blocked, id=12044, stack(0x000000003e760000,0x000000003e860000)]
  0x00000000225b5000 JavaThread "OkHttp ConnectionPool" daemon [_thread_blocked, id=10080, stack(0x000000003be80000,0x000000003bf80000)]
  0x00000000225b8800 JavaThread "SwingWorker-pool-1-thread-4" daemon [_thread_blocked, id=3896, stack(0x000000003ddd0000,0x000000003ded0000)]
  0x00000000225b8000 JavaThread "SwingWorker-pool-1-thread-3" daemon [_thread_blocked, id=2840, stack(0x0000000001320000,0x0000000001420000)]
  0x00000000225b1000 JavaThread "OkHttp ConnectionPool" daemon [_thread_blocked, id=11072, stack(0x000000003dcd0000,0x000000003ddd0000)]
  0x00000000225b5800 JavaThread "OkHttp ConnectionPool" daemon [_thread_blocked, id=13252, stack(0x000000003dbd0000,0x000000003dcd0000)]
  0x00000000225b3800 JavaThread "SwingWorker-pool-1-thread-2" daemon [_thread_blocked, id=12488, stack(0x0000000033390000,0x0000000033490000)]
  0x0000000025d64800 JavaThread "OkHttp ConnectionPool" daemon [_thread_blocked, id=2156, stack(0x000000003bf80000,0x000000003c080000)]
  0x0000000025d5d000 JavaThread "OkHttp ConnectionPool" daemon [_thread_blocked, id=13640, stack(0x000000003bd80000,0x000000003be80000)]
  0x0000000025d63800 JavaThread "SwingWorker-pool-1-thread-1" daemon [_thread_blocked, id=1636, stack(0x000000003b780000,0x000000003b880000)]
  0x0000000025d5e800 JavaThread "SciJava-2aef3951-Thread-7-SharedResourceRunner" daemon [_thread_blocked, id=14044, stack(0x0000000035090000,0x0000000035190000)]
  0x0000000025d63000 JavaThread "SciJava-2aef3951-Thread-9" [_thread_blocked, id=4808, stack(0x0000000031f50000,0x0000000032050000)]
  0x0000000025d62000 JavaThread "SciJava-2aef3951-Thread-8" [_thread_blocked, id=8908, stack(0x00000000317c0000,0x00000000318c0000)]
  0x0000000025d5a800 JavaThread "SciJava-2aef3951-Thread-5" [_thread_blocked, id=5520, stack(0x0000000027bb0000,0x0000000027cb0000)]
  0x0000000025d59000 JavaThread "SciJava-2aef3951-Thread-2" [_thread_blocked, id=11772, stack(0x0000000001220000,0x0000000001320000)]
  0x0000000025d57000 JavaThread "Thread-2" [_thread_blocked, id=7160, stack(0x00000000316c0000,0x00000000317c0000)]
  0x0000000025d5c000 JavaThread "Thread-3" daemon [_thread_in_native, id=11604, stack(0x00000000315c0000,0x00000000316c0000)]
  0x0000000025d5a000 JavaThread "DestroyJavaVM" [_thread_blocked, id=1664, stack(0x0000000003020000,0x0000000003120000)]
  0x0000000025d56000 JavaThread "TimerQueue" daemon [_thread_blocked, id=6392, stack(0x0000000033490000,0x0000000033590000)]
  0x000000001ecd7000 JavaThread "D3D Screen Updater" daemon [_thread_blocked, id=2932, stack(0x0000000032550000,0x0000000032650000)]
=>0x0000000026937000 JavaThread "AWT-EventQueue-0" [_thread_in_Java, id=14072, stack(0x0000000027ab0000,0x0000000027bb0000)]
  0x00000000255b9000 JavaThread "AWT-Windows" daemon [_thread_in_native, id=1436, stack(0x0000000027800000,0x0000000027900000)]
  0x000000002330b800 JavaThread "AWT-Shutdown" [_thread_blocked, id=10864, stack(0x0000000027700000,0x0000000027800000)]
  0x0000000024c7a800 JavaThread "Java2D Disposer" daemon [_thread_blocked, id=3916, stack(0x0000000027600000,0x0000000027700000)]
  0x000000001ed44800 JavaThread "Service Thread" daemon [_thread_blocked, id=3244, stack(0x00000000215b0000,0x00000000216b0000)]
  0x000000001ecd8000 JavaThread "C1 CompilerThread11" daemon [_thread_blocked, id=2948, stack(0x00000000214b0000,0x00000000215b0000)]
  0x000000001ecdc800 JavaThread "C1 CompilerThread10" daemon [_thread_blocked, id=300, stack(0x00000000213b0000,0x00000000214b0000)]
  0x000000001ecdb800 JavaThread "C1 CompilerThread9" daemon [_thread_blocked, id=11020, stack(0x00000000212b0000,0x00000000213b0000)]
  0x000000001ecdb000 JavaThread "C1 CompilerThread8" daemon [_thread_blocked, id=6216, stack(0x00000000210b0000,0x00000000211b0000)]
  0x000000001ecde000 JavaThread "C2 CompilerThread7" daemon [_thread_blocked, id=4084, stack(0x0000000020fb0000,0x00000000210b0000)]
  0x000000001ecb6000 JavaThread "C2 CompilerThread6" daemon [_thread_blocked, id=10596, stack(0x0000000020eb0000,0x0000000020fb0000)]
  0x000000001eca3000 JavaThread "C2 CompilerThread5" daemon [_thread_blocked, id=3968, stack(0x0000000020db0000,0x0000000020eb0000)]
  0x000000001ec76800 JavaThread "C2 CompilerThread4" daemon [_thread_in_native, id=13716, stack(0x0000000020cb0000,0x0000000020db0000)]
  0x000000001ec6d800 JavaThread "C2 CompilerThread3" daemon [_thread_blocked, id=15796, stack(0x0000000020bb0000,0x0000000020cb0000)]
  0x000000001ec6b000 JavaThread "C2 CompilerThread2" daemon [_thread_blocked, id=3748, stack(0x0000000020ab0000,0x0000000020bb0000)]
  0x000000001ec66000 JavaThread "C2 CompilerThread1" daemon [_thread_blocked, id=12564, stack(0x00000000209b0000,0x0000000020ab0000)]
  0x000000001ec64000 JavaThread "C2 CompilerThread0" daemon [_thread_blocked, id=1472, stack(0x00000000208b0000,0x00000000209b0000)]
  0x000000001ec63000 JavaThread "Attach Listener" daemon [_thread_blocked, id=10752, stack(0x00000000207b0000,0x00000000208b0000)]
  0x000000001ec60000 JavaThread "Signal Dispatcher" daemon [_thread_blocked, id=2168, stack(0x00000000206b0000,0x00000000207b0000)]
  0x000000001d1dd800 JavaThread "Finalizer" daemon [_thread_blocked, id=15464, stack(0x00000000204b0000,0x00000000205b0000)]
  0x000000001ec36000 JavaThread "Reference Handler" daemon [_thread_blocked, id=10168, stack(0x00000000203b0000,0x00000000204b0000)]

Other Threads:
  0x000000001ec15000 VMThread [stack: 0x00000000202b0000,0x00000000203b0000] [id=1168]
  0x000000001ed38000 WatcherThread [stack: 0x00000000216b0000,0x00000000217b0000] [id=15088]

VM state:not at safepoint (normal execution)

VM Mutex/Monitor currently owned by a thread: None

heap address: 0x00000006c0c00000, size: 4084 MB, Compressed Oops mode: Zero based, Oop shift amount: 3
Narrow klass base: 0x0000000000000000, Narrow klass shift: 3
Compressed class space size: 1073741824 Address: 0x00000007c0000000

Heap:
 PSYoungGen      total 598528K, used 412164K [0x000000076af00000, 0x000000079e680000, 0x00000007c0000000)
  eden space 541184K, 71% used [0x000000076af00000,0x0000000782b7f530,0x000000078bf80000)
  from space 57344K, 39% used [0x000000078bf80000,0x000000078d581dd0,0x000000078f780000)
  to   space 54784K, 0% used [0x000000079b100000,0x000000079b100000,0x000000079e680000)
 ParOldGen       total 227840K, used 110501K [0x00000006c0c00000, 0x00000006cea80000, 0x000000076af00000)
  object space 227840K, 48% used [0x00000006c0c00000,0x00000006c77e96f0,0x00000006cea80000)
 Metaspace       used 68966K, capacity 70890K, committed 71128K, reserved 1110016K
  class space    used 9652K, capacity 9975K, committed 9984K, reserved 1048576K

Card table byte_map: [0x00000000125e0000,0x0000000012de0000] byte_map_base: 0x000000000efda000

Marking Bits: (ParMarkBitMap*) 0x00000000698d4ce0
 Begin Bits: [0x0000000014040000, 0x0000000018010000)
 End Bits:   [0x0000000018010000, 0x000000001bfe0000)

Polling page: 0x0000000000dd0000

CodeCache: size=245760Kb used=34731Kb max_used=35258Kb free=211028Kb
 bounds [0x0000000003220000, 0x0000000005520000, 0x0000000012220000]
 total_blobs=10308 nmethods=9123 adapters=1093
 compilation: enabled

Compilation events (10 events):
Event: 259.743 Thread 0x000000001ec64000 11742       4       java.lang.Integer::valueOf (10 bytes)
Event: 259.745 Thread 0x000000001ecdb000 nmethod 11741 0x000000000543ab90 code [0x000000000543b3c0, 0x0000000005440e38]
Event: 259.748 Thread 0x000000001ec64000 nmethod 11742 0x00000000039f0610 code [0x00000000039f07c0, 0x00000000039f0e10]
Event: 259.759 Thread 0x000000001ec76800 11743       4       org.jzy3d.io.obj.OBJFile::parseObjFace (742 bytes)
Event: 259.855 Thread 0x000000001ecdc800 11744   !   3       org.jzy3d.plot3d.primitives.AbstractComposite::setDisplayed (87 bytes)
Event: 259.855 Thread 0x000000001ecd8000 11745       1       com.jidesoft.swing.CheckBoxListSelectionModel::isAllEntryConsidered (5 bytes)
Event: 259.856 Thread 0x000000001ecd8000 nmethod 11745 0x00000000051519d0 code [0x0000000005151b20, 0x0000000005151c30]
Event: 259.856 Thread 0x000000001ecdb800 11746       3       com.jidesoft.swing.CheckBoxListSelectionModel::isSelectedIndex (34 bytes)
Event: 259.856 Thread 0x000000001ecdc800 nmethod 11744 0x0000000005237090 code [0x00000000052372c0, 0x00000000052381f8]
Event: 259.856 Thread 0x000000001ecdb800 nmethod 11746 0x0000000004669b90 code [0x0000000004669d40, 0x000000000466a238]

GC Heap History (10 events):
Event: 209.158 GC heap before
{Heap before GC invocations=14 (full 3):
 PSYoungGen      total 401408K, used 401405K [0x000000076af00000, 0x0000000789000000, 0x00000007c0000000)
  eden space 370176K, 100% used [0x000000076af00000,0x0000000781880000,0x0000000781880000)
  from space 31232K, 99% used [0x0000000783d00000,0x0000000785b7f650,0x0000000785b80000)
  to   space 37376K, 0% used [0x0000000781880000,0x0000000781880000,0x0000000783d00000)
 ParOldGen       total 227840K, used 50338K [0x00000006c0c00000, 0x00000006cea80000, 0x000000076af00000)
  object space 227840K, 22% used [0x00000006c0c00000,0x00000006c3d28808,0x00000006cea80000)
 Metaspace       used 68281K, capacity 70190K, committed 70360K, reserved 1110016K
  class space    used 9579K, capacity 9901K, committed 9984K, reserved 1048576K
Event: 209.170 GC heap after
Heap after GC invocations=14 (full 3):
 PSYoungGen      total 407552K, used 37370K [0x000000076af00000, 0x000000078d080000, 0x00000007c0000000)
  eden space 370176K, 0% used [0x000000076af00000,0x000000076af00000,0x0000000781880000)
  from space 37376K, 99% used [0x0000000781880000,0x0000000783cfeba8,0x0000000783d00000)
  to   space 44544K, 0% used [0x000000078a500000,0x000000078a500000,0x000000078d080000)
 ParOldGen       total 227840K, used 56351K [0x00000006c0c00000, 0x00000006cea80000, 0x000000076af00000)
  object space 227840K, 24% used [0x00000006c0c00000,0x00000006c4307d20,0x00000006cea80000)
 Metaspace       used 68281K, capacity 70190K, committed 70360K, reserved 1110016K
  class space    used 9579K, capacity 9901K, committed 9984K, reserved 1048576K
}
Event: 211.726 GC heap before
{Heap before GC invocations=15 (full 3):
 PSYoungGen      total 407552K, used 407546K [0x000000076af00000, 0x000000078d080000, 0x00000007c0000000)
  eden space 370176K, 100% used [0x000000076af00000,0x0000000781880000,0x0000000781880000)
  from space 37376K, 99% used [0x0000000781880000,0x0000000783cfeba8,0x0000000783d00000)
  to   space 44544K, 0% used [0x000000078a500000,0x000000078a500000,0x000000078d080000)
 ParOldGen       total 227840K, used 56351K [0x00000006c0c00000, 0x00000006cea80000, 0x000000076af00000)
  object space 227840K, 24% used [0x00000006c0c00000,0x00000006c4307d20,0x00000006cea80000)
 Metaspace       used 68324K, capacity 70254K, committed 70616K, reserved 1110016K
  class space    used 9579K, capacity 9901K, committed 9984K, reserved 1048576K
Event: 211.737 GC heap after
Heap after GC invocations=15 (full 3):
 PSYoungGen      total 491520K, used 24947K [0x000000076af00000, 0x000000078c480000, 0x00000007c0000000)
  eden space 459264K, 0% used [0x000000076af00000,0x000000076af00000,0x0000000786f80000)
  from space 32256K, 77% used [0x000000078a500000,0x000000078bd5cf80,0x000000078c480000)
  to   space 43520K, 0% used [0x0000000786f80000,0x0000000786f80000,0x0000000789a00000)
 ParOldGen       total 227840K, used 74052K [0x00000006c0c00000, 0x00000006cea80000, 0x000000076af00000)
  object space 227840K, 32% used [0x00000006c0c00000,0x00000006c54510a8,0x00000006cea80000)
 Metaspace       used 68324K, capacity 70254K, committed 70616K, reserved 1110016K
  class space    used 9579K, capacity 9901K, committed 9984K, reserved 1048576K
}
Event: 254.610 GC heap before
{Heap before GC invocations=16 (full 3):
 PSYoungGen      total 491520K, used 484211K [0x000000076af00000, 0x000000078c480000, 0x00000007c0000000)
  eden space 459264K, 100% used [0x000000076af00000,0x0000000786f80000,0x0000000786f80000)
  from space 32256K, 77% used [0x000000078a500000,0x000000078bd5cf80,0x000000078c480000)
  to   space 43520K, 0% used [0x0000000786f80000,0x0000000786f80000,0x0000000789a00000)
 ParOldGen       total 227840K, used 74052K [0x00000006c0c00000, 0x00000006cea80000, 0x000000076af00000)
  object space 227840K, 32% used [0x00000006c0c00000,0x00000006c54510a8,0x00000006cea80000)
 Metaspace       used 68472K, capacity 70458K, committed 70616K, reserved 1110016K
  class space    used 9582K, capacity 9903K, committed 9984K, reserved 1048576K
Event: 254.622 GC heap after
Heap after GC invocations=16 (full 3):
 PSYoungGen      total 502784K, used 36062K [0x000000076af00000, 0x0000000792500000, 0x00000007c0000000)
  eden space 459264K, 0% used [0x000000076af00000,0x000000076af00000,0x0000000786f80000)
  from space 43520K, 82% used [0x0000000786f80000,0x00000007892b7988,0x0000000789a00000)
  to   space 46592K, 0% used [0x000000078f780000,0x000000078f780000,0x0000000792500000)
 ParOldGen       total 227840K, used 74060K [0x00000006c0c00000, 0x00000006cea80000, 0x000000076af00000)
  object space 227840K, 32% used [0x00000006c0c00000,0x00000006c54530a8,0x00000006cea80000)
 Metaspace       used 68472K, capacity 70458K, committed 70616K, reserved 1110016K
  class space    used 9582K, capacity 9903K, committed 9984K, reserved 1048576K
}
Event: 255.489 GC heap before
{Heap before GC invocations=17 (full 3):
 PSYoungGen      total 502784K, used 495326K [0x000000076af00000, 0x0000000792500000, 0x00000007c0000000)
  eden space 459264K, 100% used [0x000000076af00000,0x0000000786f80000,0x0000000786f80000)
  from space 43520K, 82% used [0x0000000786f80000,0x00000007892b7988,0x0000000789a00000)
  to   space 46592K, 0% used [0x000000078f780000,0x000000078f780000,0x0000000792500000)
 ParOldGen       total 227840K, used 74060K [0x00000006c0c00000, 0x00000006cea80000, 0x000000076af00000)
  object space 227840K, 32% used [0x00000006c0c00000,0x00000006c54530a8,0x00000006cea80000)
 Metaspace       used 68580K, capacity 70502K, committed 70616K, reserved 1110016K
  class space    used 9601K, capacity 9937K, committed 9984K, reserved 1048576K
Event: 255.516 GC heap after
Heap after GC invocations=17 (full 3):
 PSYoungGen      total 587776K, used 46582K [0x000000076af00000, 0x0000000795c80000, 0x00000007c0000000)
  eden space 541184K, 0% used [0x000000076af00000,0x000000076af00000,0x000000078bf80000)
  from space 46592K, 99% used [0x000000078f780000,0x00000007924fd9f0,0x0000000792500000)
  to   space 57344K, 0% used [0x000000078bf80000,0x000000078bf80000,0x000000078f780000)
 ParOldGen       total 227840K, used 85604K [0x00000006c0c00000, 0x00000006cea80000, 0x000000076af00000)
  object space 227840K, 37% used [0x00000006c0c00000,0x00000006c5f99198,0x00000006cea80000)
 Metaspace       used 68580K, capacity 70502K, committed 70616K, reserved 1110016K
  class space    used 9601K, capacity 9937K, committed 9984K, reserved 1048576K
}
Event: 255.781 GC heap before
{Heap before GC invocations=18 (full 3):
 PSYoungGen      total 587776K, used 587766K [0x000000076af00000, 0x0000000795c80000, 0x00000007c0000000)
  eden space 541184K, 100% used [0x000000076af00000,0x000000078bf80000,0x000000078bf80000)
  from space 46592K, 99% used [0x000000078f780000,0x00000007924fd9f0,0x0000000792500000)
  to   space 57344K, 0% used [0x000000078bf80000,0x000000078bf80000,0x000000078f780000)
 ParOldGen       total 227840K, used 85604K [0x00000006c0c00000, 0x00000006cea80000, 0x000000076af00000)
  object space 227840K, 37% used [0x00000006c0c00000,0x00000006c5f99198,0x00000006cea80000)
 Metaspace       used 68580K, capacity 70502K, committed 70616K, reserved 1110016K
  class space    used 9601K, capacity 9937K, committed 9984K, reserved 1048576K
Event: 255.796 GC heap after
Heap after GC invocations=18 (full 3):
 PSYoungGen      total 598528K, used 22535K [0x000000076af00000, 0x000000079e680000, 0x00000007c0000000)
  eden space 541184K, 0% used [0x000000076af00000,0x000000076af00000,0x000000078bf80000)
  from space 57344K, 39% used [0x000000078bf80000,0x000000078d581dd0,0x000000078f780000)
  to   space 54784K, 0% used [0x000000079b100000,0x000000079b100000,0x000000079e680000)
 ParOldGen       total 227840K, used 110501K [0x00000006c0c00000, 0x00000006cea80000, 0x000000076af00000)
  object space 227840K, 48% used [0x00000006c0c00000,0x00000006c77e96f0,0x00000006cea80000)
 Metaspace       used 68580K, capacity 70502K, committed 70616K, reserved 1110016K
  class space    used 9601K, capacity 9937K, committed 9984K, reserved 1048576K
}

Deoptimization events (10 events):
Event: 257.428 Thread 0x00000000225b4000 Uncommon trap: reason=class_check action=maybe_recompile pc=0x0000000004836690 method=org.jzy3d.plot3d.rendering.scene.Decomposition.getDecomposition(Ljava/util/List;)Ljava/util/ArrayList; @ 30
Event: 257.445 Thread 0x00000000225b4000 Uncommon trap: reason=class_check action=maybe_recompile pc=0x0000000004836690 method=org.jzy3d.plot3d.rendering.scene.Decomposition.getDecomposition(Ljava/util/List;)Ljava/util/ArrayList; @ 30
Event: 257.461 Thread 0x00000000225b4000 Uncommon trap: reason=class_check action=maybe_recompile pc=0x0000000004836690 method=org.jzy3d.plot3d.rendering.scene.Decomposition.getDecomposition(Ljava/util/List;)Ljava/util/ArrayList; @ 30
Event: 257.965 Thread 0x0000000026937000 Uncommon trap: reason=null_check action=make_not_entrant pc=0x00000000053d78a0 method=javax.swing.tree.VariableHeightLayoutCache.getMapping(Ljavax/swing/tree/TreePath;)Ljavax/swing/tree/VariableHeightLayoutCache$TreeStateNode; @ 8
Event: 259.337 Thread 0x0000000026937000 Uncommon trap: reason=predicate action=maybe_recompile pc=0x0000000004cb4148 method=java.util.regex.Pattern$SliceI.match(Ljava/util/regex/Matcher;ILjava/lang/CharSequence;)Z @ 21
Event: 259.337 Thread 0x0000000026937000 Uncommon trap: reason=unstable_if action=reinterpret pc=0x00000000052ea97c method=java.util.TreeMap.remove(Ljava/lang/Object;)Ljava/lang/Object; @ 7
Event: 259.337 Thread 0x0000000026937000 Uncommon trap: reason=unstable_if action=reinterpret pc=0x00000000052edd1c method=java.util.TreeMap.remove(Ljava/lang/Object;)Ljava/lang/Object; @ 7
Event: 259.338 Thread 0x0000000026937000 Uncommon trap: reason=class_check action=maybe_recompile pc=0x00000000049eeb10 method=java.util.TreeMap.getEntry(Ljava/lang/Object;)Ljava/util/TreeMap$Entry; @ 26
Event: 259.499 Thread 0x0000000026937000 Uncommon trap: reason=bimorphic action=maybe_recompile pc=0x00000000044b550c method=java.util.AbstractCollection.toArray()[Ljava/lang/Object; @ 1
Event: 259.734 Thread 0x0000000026937000 Uncommon trap: reason=unstable_if action=reinterpret pc=0x00000000051d7c04 method=org.jzy3d.io.obj.ObjFaceFormat.vertexNormal(Ljava/lang/String;)Z @ 7

Classes redefined (0 events):
No events

Internal exceptions (10 events):
Event: 188.030 Thread 0x00000000225b8800 Exception <a 'java/lang/NullPointerException'> (0x0000000778e2d3c0) thrown at [C:\re\workspace\8-2-build-windows-amd64-cygwin\jdk8u201\12322\hotspot\src\share\vm\runtime\sharedRuntime.cpp, line 605]
Event: 188.054 Thread 0x0000000025d63000 Exception <a 'java/lang/reflect/InvocationTargetException'> (0x0000000778e0a0b0) thrown at [C:\re\workspace\8-2-build-windows-amd64-cygwin\jdk8u201\12322\hotspot\src\share\vm\runtime\reflection.cpp, line 1092]
Event: 197.105 Thread 0x0000000026937000 Exception <a 'java/lang/reflect/InvocationTargetException'> (0x00000007796b9768) thrown at [C:\re\workspace\8-2-build-windows-amd64-cygwin\jdk8u201\12322\hotspot\src\share\vm\runtime\reflection.cpp, line 1092]
Event: 202.262 Thread 0x00000000225b8800 Exception <a 'java/lang/NullPointerException'> (0x0000000779c75cc8) thrown at [C:\re\workspace\8-2-build-windows-amd64-cygwin\jdk8u201\12322\hotspot\src\share\vm\interpreter\linkResolver.cpp, line 1287]
Event: 208.992 Thread 0x0000000025d5a800 Exception <a 'java/lang/reflect/InvocationTargetException'> (0x000000077bed1de8) thrown at [C:\re\workspace\8-2-build-windows-amd64-cygwin\jdk8u201\12322\hotspot\src\share\vm\runtime\reflection.cpp, line 1092]
Event: 254.719 Thread 0x00000000225ba000 Implicit null exception at 0x000000000526d580 to 0x000000000526d779
Event: 254.995 Thread 0x00000000225b6800 Implicit null exception at 0x0000000004cb1d8b to 0x0000000004cb1ead
Event: 255.010 Thread 0x00000000225ba000 Exception <a 'java/lang/reflect/InvocationTargetException'> (0x000000077971abf0) thrown at [C:\re\workspace\8-2-build-windows-amd64-cygwin\jdk8u201\12322\hotspot\src\share\vm\runtime\reflection.cpp, line 1092]
Event: 255.943 Thread 0x00000000225ba000 Implicit null exception at 0x0000000005240c65 to 0x0000000005240c99
Event: 259.862 Thread 0x0000000026937000 Implicit null exception at 0x00000000053f9a1d to 0x0000000000000000

Events (10 events):
Event: 259.553 Thread 0x00000000225bb800 Thread added: 0x00000000225bb800
Event: 259.553 loading class sun/security/ssl/SSLSocketImpl$NotifyHandshakeThread$1
Event: 259.553 loading class sun/security/ssl/SSLSocketImpl$NotifyHandshakeThread$1 done
Event: 259.553 Executing VM operation: RevokeBias
Event: 259.553 Executing VM operation: RevokeBias done
Event: 259.553 Thread 0x00000000225bb800 Thread exited: 0x00000000225bb800
Event: 259.734 Thread 0x0000000026937000 Uncommon trap: trap_request=0xffffff65 fr.pc=0x00000000051d7c04
Event: 259.734 Thread 0x0000000026937000 DEOPT PACKING pc=0x00000000051d7c04 sp=0x0000000027bac9e0
Event: 259.734 Thread 0x0000000026937000 DEOPT UNPACKING pc=0x000000000326583b sp=0x0000000027bac968 mode 2
Event: 259.839 Thread 0x00000000225b6800 Thread added: 0x00000000225b6800


Dynamic libraries:
0x00007ff65bd50000 - 0x00007ff65bd87000 	C:\Program Files\Java\jdk1.8.0_201\bin\javaw.exe
0x00007ff963f60000 - 0x00007ff964150000 	C:\WINDOWS\SYSTEM32\ntdll.dll
0x00007ff9639c0000 - 0x00007ff963a72000 	C:\WINDOWS\System32\KERNEL32.DLL
0x00007ff961c10000 - 0x00007ff961eb3000 	C:\WINDOWS\System32\KERNELBASE.dll
0x00007ff963020000 - 0x00007ff9630c3000 	C:\WINDOWS\System32\ADVAPI32.dll
0x00007ff9637d0000 - 0x00007ff96386e000 	C:\WINDOWS\System32\msvcrt.dll
0x00007ff962e60000 - 0x00007ff962ef7000 	C:\WINDOWS\System32\sechost.dll
0x00007ff962f00000 - 0x00007ff963020000 	C:\WINDOWS\System32\RPCRT4.dll
0x00007ff962530000 - 0x00007ff9626c4000 	C:\WINDOWS\System32\USER32.dll
0x00007ff9619c0000 - 0x00007ff9619e1000 	C:\WINDOWS\System32\win32u.dll
0x00007ff962e30000 - 0x00007ff962e56000 	C:\WINDOWS\System32\GDI32.dll
0x00007ff960ef0000 - 0x00007ff961084000 	C:\WINDOWS\System32\gdi32full.dll
0x00007ff961b70000 - 0x00007ff961c0e000 	C:\WINDOWS\System32\msvcp_win.dll
0x00007ff961f10000 - 0x00007ff96200a000 	C:\WINDOWS\System32\ucrtbase.dll
0x00007ff954350000 - 0x00007ff9545d5000 	C:\WINDOWS\WinSxS\amd64_microsoft.windows.common-controls_6595b64144ccf1df_6.0.18362.657_none_e6c5b579130e3898\COMCTL32.dll
0x00007ff962010000 - 0x00007ff962346000 	C:\WINDOWS\System32\combase.dll
0x00007ff9611a0000 - 0x00007ff961220000 	C:\WINDOWS\System32\bcryptPrimitives.dll
0x00007ff963a80000 - 0x00007ff963aae000 	C:\WINDOWS\System32\IMM32.DLL
0x000000006a340000 - 0x000000006a411000 	C:\Program Files\Java\jdk1.8.0_201\jre\bin\msvcr100.dll
0x00000000690b0000 - 0x0000000069954000 	C:\Program Files\Java\jdk1.8.0_201\jre\bin\server\jvm.dll
0x00007ff962ae0000 - 0x00007ff962ae8000 	C:\WINDOWS\System32\PSAPI.DLL
0x00007ff95ec30000 - 0x00007ff95ec54000 	C:\WINDOWS\SYSTEM32\WINMM.dll
0x00007ff949930000 - 0x00007ff949939000 	C:\WINDOWS\SYSTEM32\WSOCK32.dll
0x00007ff95abf0000 - 0x00007ff95abfa000 	C:\WINDOWS\SYSTEM32\VERSION.dll
0x00007ff962dc0000 - 0x00007ff962e2f000 	C:\WINDOWS\System32\WS2_32.dll
0x00007ff95ec00000 - 0x00007ff95ec2d000 	C:\WINDOWS\SYSTEM32\winmmbase.dll
0x00007ff961ec0000 - 0x00007ff961f0a000 	C:\WINDOWS\System32\cfgmgr32.dll
0x00007ff95e7c0000 - 0x00007ff95e7cf000 	C:\Program Files\Java\jdk1.8.0_201\jre\bin\verify.dll
0x00007ff9345f0000 - 0x00007ff934619000 	C:\Program Files\Java\jdk1.8.0_201\jre\bin\java.dll
0x00007ff92d400000 - 0x00007ff92d416000 	C:\Program Files\Java\jdk1.8.0_201\jre\bin\zip.dll
0x00007ff9630e0000 - 0x00007ff9637c5000 	C:\WINDOWS\System32\SHELL32.dll
0x00007ff962b60000 - 0x00007ff962c09000 	C:\WINDOWS\System32\shcore.dll
0x00007ff961240000 - 0x00007ff9619bf000 	C:\WINDOWS\System32\windows.storage.dll
0x00007ff960e60000 - 0x00007ff960e7f000 	C:\WINDOWS\System32\profapi.dll
0x00007ff960e80000 - 0x00007ff960eca000 	C:\WINDOWS\System32\powrprof.dll
0x00007ff960e30000 - 0x00007ff960e40000 	C:\WINDOWS\System32\UMPDC.dll
0x00007ff962ce0000 - 0x00007ff962d32000 	C:\WINDOWS\System32\shlwapi.dll
0x00007ff960e40000 - 0x00007ff960e51000 	C:\WINDOWS\System32\kernel.appcore.dll
0x00007ff961220000 - 0x00007ff961237000 	C:\WINDOWS\System32\cryptsp.dll
0x00007ff952e20000 - 0x00007ff952fb9000 	C:\Program Files\Java\jdk1.8.0_201\jre\bin\awt.dll
0x00007ff9638f0000 - 0x00007ff9639b4000 	C:\WINDOWS\System32\OLEAUT32.dll
0x00007ff95eb70000 - 0x00007ff95ebff000 	C:\WINDOWS\SYSTEM32\apphelp.dll
0x00007ff95ee60000 - 0x00007ff95eef9000 	C:\WINDOWS\system32\uxtheme.dll
0x00007ff962940000 - 0x00007ff962a75000 	C:\WINDOWS\System32\MSCTF.dll
0x00007ff962350000 - 0x00007ff9624a6000 	C:\WINDOWS\System32\ole32.dll
0x00007ff95f2d0000 - 0x00007ff95f2fd000 	C:\WINDOWS\system32\DWMAPI.DLL
0x00007ff9361a0000 - 0x00007ff9362f6000 	C:\WINDOWS\system32\opengl32.dll
0x00007ff955ff0000 - 0x00007ff95601c000 	C:\WINDOWS\SYSTEM32\GLU32.dll
0x00007ff95faa0000 - 0x00007ff95fac0000 	C:\WINDOWS\SYSTEM32\dxcore.dll
0x00007ff9537c0000 - 0x00007ff953987000 	C:\WINDOWS\system32\d3d9.dll
0x00007ff959230000 - 0x00007ff95931f000 	C:\WINDOWS\System32\DriverStore\FileRepository\nv_dispi.inf_amd64_ce13a81bcfac4a48\nvldumdx.dll
0x00007ff9619f0000 - 0x00007ff961b39000 	C:\WINDOWS\System32\crypt32.dll
0x00007ff960ed0000 - 0x00007ff960ee2000 	C:\WINDOWS\System32\MSASN1.dll
0x00007ff961140000 - 0x00007ff96119c000 	C:\WINDOWS\System32\WINTRUST.DLL
0x00007ff9638d0000 - 0x00007ff9638ed000 	C:\WINDOWS\System32\imagehlp.dll
0x00007ff960210000 - 0x00007ff960243000 	C:\WINDOWS\system32\rsaenh.dll
0x00007ff961b40000 - 0x00007ff961b66000 	C:\WINDOWS\System32\bcrypt.dll
0x00007ff960870000 - 0x00007ff96087c000 	C:\WINDOWS\SYSTEM32\CRYPTBASE.dll
0x00007ff906b50000 - 0x00007ff908055000 	C:\WINDOWS\System32\DriverStore\FileRepository\nv_dispi.inf_amd64_ce13a81bcfac4a48\nvd3dumx.dll
0x00007ff927150000 - 0x00007ff927414000 	C:\WINDOWS\system32\nvspcap64.dll
0x00007ff95ffa0000 - 0x00007ff95ffd1000 	C:\WINDOWS\SYSTEM32\ntmarta.dll
0x00007ff95a8c0000 - 0x00007ff95a8ef000 	C:\WINDOWS\SYSTEM32\cryptnet.dll
0x00007ff95fa50000 - 0x00007ff95fa72000 	C:\WINDOWS\SYSTEM32\gpapi.dll
0x00007ff955fa0000 - 0x00007ff955fe7000 	C:\Program Files\Java\jdk1.8.0_201\jre\bin\fontmanager.dll
0x00007ff92d3e0000 - 0x00007ff92d3fa000 	C:\Program Files\Java\jdk1.8.0_201\jre\bin\net.dll
0x00007ff954890000 - 0x00007ff954a66000 	C:\WINDOWS\SYSTEM32\urlmon.dll
0x00007ff9545e0000 - 0x00007ff954886000 	C:\WINDOWS\SYSTEM32\iertutil.dll
0x00007ff9606a0000 - 0x00007ff960707000 	C:\WINDOWS\system32\mswsock.dll
0x00007ff92d3c0000 - 0x00007ff92d3d1000 	C:\Program Files\Java\jdk1.8.0_201\jre\bin\nio.dll
0x00007ff955f50000 - 0x00007ff955f92000 	C:\Program Files\Java\jdk1.8.0_201\jre\bin\t2k.dll
0x00007ff962890000 - 0x00007ff962932000 	C:\WINDOWS\System32\clbcatq.dll
0x00007ff95b140000 - 0x00007ff95b2ef000 	C:\WINDOWS\SYSTEM32\WindowsCodecs.dll
0x00007ff94bae0000 - 0x00007ff94bb1a000 	C:\WINDOWS\system32\dataexchange.dll
0x00007ff95dc30000 - 0x00007ff95de0b000 	C:\WINDOWS\system32\dcomp.dll
0x00007ff95d570000 - 0x00007ff95d7cb000 	C:\WINDOWS\system32\d3d11.dll
0x00007ff95fb30000 - 0x00007ff95fc1b000 	C:\WINDOWS\system32\dxgi.dll
0x00007ff95ef50000 - 0x00007ff95f1aa000 	C:\WINDOWS\system32\twinapi.appcore.dll
0x00007ff95f480000 - 0x00007ff95f4a9000 	C:\WINDOWS\system32\RMCLIENT.dll
0x00007ff9499d0000 - 0x00007ff949a6e000 	C:\WINDOWS\System32\TextInputFramework.dll
0x00007ff95b470000 - 0x00007ff95b79a000 	C:\WINDOWS\System32\CoreUIComponents.dll
0x00007ff95e0c0000 - 0x00007ff95e194000 	C:\WINDOWS\System32\CoreMessaging.dll
0x00007ff95c980000 - 0x00007ff95cad3000 	C:\WINDOWS\SYSTEM32\wintypes.dll
0x00007ff955f20000 - 0x00007ff955f4a000 	C:\Program Files\Java\jdk1.8.0_201\jre\bin\dcpr.dll
0x00007ff960d20000 - 0x00007ff960d45000 	C:\WINDOWS\SYSTEM32\USERENV.dll
0x00007ff9603b0000 - 0x00007ff9603ea000 	C:\WINDOWS\SYSTEM32\IPHLPAPI.DLL
0x00007ff9626d0000 - 0x00007ff9626d8000 	C:\WINDOWS\System32\NSI.dll
0x00007ff959ba0000 - 0x00007ff959bb6000 	C:\WINDOWS\SYSTEM32\dhcpcsvc6.DLL
0x00007ff959c00000 - 0x00007ff959c1c000 	C:\WINDOWS\SYSTEM32\dhcpcsvc.DLL
0x00007ff9603f0000 - 0x00007ff9604ba000 	C:\WINDOWS\SYSTEM32\DNSAPI.dll
0x00000000637c0000 - 0x00000000637cd000 	C:\Users\cam\AppData\Local\Temp\jogamp_0000\file_cache\jln6484840869346954267\jln1694758629728372119\natives\windows-amd64\gluegen-rt.dll
0x00007ff95ed20000 - 0x00007ff95ed27000 	C:\Program Files\Java\jdk1.8.0_201\jre\bin\jawt.dll
0x000000006a440000 - 0x000000006a44d000 	C:\Users\cam\AppData\Local\Temp\jogamp_0000\file_cache\jln6484840869346954267\jln1694758629728372119\natives\windows-amd64\nativewindow_awt.dll
0x000000006c100000 - 0x000000006c10f000 	C:\Users\cam\AppData\Local\Temp\jogamp_0000\file_cache\jln6484840869346954267\jln1694758629728372119\natives\windows-amd64\nativewindow_win32.dll
0x0000000064500000 - 0x00000000645b1000 	C:\Users\cam\AppData\Local\Temp\jogamp_0000\file_cache\jln6484840869346954267\jln1694758629728372119\natives\windows-amd64\jogl_desktop.dll
0x0000000064340000 - 0x00000000643a2000 	C:\Users\cam\AppData\Local\Temp\jogamp_0000\file_cache\jln6484840869346954267\jln1694758629728372119\natives\windows-amd64\jogl_mobile.dll
0x00007ff904470000 - 0x00007ff906b48000 	C:\WINDOWS\System32\DriverStore\FileRepository\nv_dispi.inf_amd64_ce13a81bcfac4a48\nvoglv64.dll
0x00007ff963ab0000 - 0x00007ff963f20000 	C:\WINDOWS\System32\SETUPAPI.dll
0x00007ff95cb00000 - 0x00007ff95cb13000 	C:\WINDOWS\SYSTEM32\WTSAPI32.dll
0x00007ff960c30000 - 0x00007ff960c5a000 	C:\WINDOWS\SYSTEM32\DEVOBJ.dll
0x00007ff95fef0000 - 0x00007ff95ff4c000 	C:\WINDOWS\SYSTEM32\WINSTA.dll
0x00007ff92c0c0000 - 0x00007ff92c0e4000 	C:\Program Files\Java\jdk1.8.0_201\jre\bin\sunec.dll
0x00007ff942f40000 - 0x00007ff942f4b000 	C:\Program Files\Java\jdk1.8.0_201\jre\bin\sunmscapi.dll
0x00007ff9534d0000 - 0x00007ff9534da000 	C:\Windows\System32\rasadhlp.dll
0x00007ff9593a0000 - 0x00007ff959417000 	C:\WINDOWS\System32\fwpuclnt.dll
0x00007ff953b90000 - 0x00007ff953c39000 	C:\WINDOWS\WinSxS\amd64_microsoft.windows.common-controls_6595b64144ccf1df_5.82.18362.657_none_2a27eafe46699ec9\comctl32.dll
0x00007ff950700000 - 0x00007ff9508f4000 	C:\WINDOWS\SYSTEM32\dbghelp.dll

VM Arguments:
jvm_args: -Dfile.encoding=UTF-8 
java_command: sc.fiji.snt.gui.cmds.SNTLoaderCmd
java_class_path (initial): C:\Users\cam\Desktop\real-morphonets-SNT\SNT\target\classes;C:\Users\cam\.m2\repository\sc\fiji\3D_Viewer\4.0.2\3D_Viewer-4.0.2.jar;C:\Users\cam\.m2\repository\net\imagej\ij\1.52o\ij-1.52o.jar;C:\Users\cam\.m2\repository\gov\nist\math\jama\1.0.3\jama-1.0.3.jar;C:\Users\cam\.m2\repository\sc\fiji\AnalyzeSkeleton_\3.3.0\AnalyzeSkeleton_-3.3.0.jar;C:\Users\cam\.m2\repository\org\joml\joml\1.9.12\joml-1.9.12.jar;C:\Users\cam\.m2\repository\net\imglib2\imglib2\5.6.3\imglib2-5.6.3.jar;C:\Users\cam\.m2\repository\sc\fiji\pal-optimization\2.0.1\pal-optimization-2.0.1.jar;C:\Users\cam\.m2\repository\sc\fiji\Skeletonize3D_\2.1.1\Skeletonize3D_-2.1.1.jar;C:\Users\cam\.m2\repository\sc\fiji\VIB_\3.0.2\VIB_-3.0.2.jar;C:\Users\cam\.m2\repository\sc\fiji\fiji-lib\2.1.2\fiji-lib-2.1.2.jar;C:\Users\cam\.m2\repository\org\scijava\scijava-common\2.77.0\scijava-common-2.77.0.jar;C:\Users\cam\.m2\repository\org\scijava\parsington\1.0.4\parsington-1.0.4.jar;C:\Users\cam\.m2\repository\org\bushe\eventbus\1.4\eventbus-1.4.jar;C:\Users\cam\.m2\repository\sc\fiji\VIB-lib\2.2.0\VIB-lib-2.2.0.jar;C:\Users\cam\.m2\repository\org\jfree\jfreechart\1.5.0\jfreechart-1.5.0.jar;C:\Users\cam\.m2\repository\org\scijava\j3dcore\1.6.0-scijava-2\j3dcore-1.6.0-scijava-2.jar;C:\Users\cam\.m2\repository\org\jogamp\gluegen\gluegen-rt\2.3.2\gluegen-rt-2.3.2.jar;C:\Users\cam\.m2\repository\org\jogamp\jogl\jogl-all\2.3.2\jogl-all-2.3.2.jar;C:\Users\cam\.m2\repository\org\scijava\j3dutils\1.6.0-scijava-2\j3dutils-1.6.0-scijava-2.jar;C:\Users\cam\.m2\repository\org\scijava\vecmath\1.6.0-scijava-2\vecmath-1.6.0-scijava-2.jar;C:\Users\cam\.m2\repository\org\jzy3d\jzy3d-api\1.0.3-SNAPSHOT\jzy3d-api-1.0.3-SNAPSHOT.jar;C:\Users\cam\.m2\repository\org\jzy3d\jzy3d-jdt-core\1.0.3-SNAPSHOT\jzy3d-jdt-core-1.0.3-SNAPSHOT.jar;C:\Users\cam\.m2\repository\commons-io\commons-io\2.6\commons-io-2.6.jar;C:\Users\cam\.m2\repository\org\jogamp\gluegen\gluegen-rt-main\2.3.2\gluegen-rt-main-2.3.2.jar;C:\Use
Launcher Type: SUN_STANDARD

Environment Variables:
JAVA_HOME=C:\Program Files\Java\jdk1.6.0_45
PATH=C:/Program Files/Java/jdk1.8.0_201/bin/../jre/bin/server;C:/Program Files/Java/jdk1.8.0_201/bin/../jre/bin;C:/Program Files/Java/jdk1.8.0_201/bin/../jre/lib/amd64;C:\Program Files\Java\jdk1.8.0_201\bin;C:\Program Files (x86)\Common Files\Oracle\Java\javapath;C:\Windows\system32;C:\Windows;C:\Windows\System32\Wbem;C:\Windows\System32\WindowsPowerShell\v1.0\;C:\Windows\System32\OpenSSH\;C:\Program Files\Intel\WiFi\bin\;C:\Program Files\Common Files\Intel\WirelessCommon\;C:\WINDOWS\system32;C:\WINDOWS;C:\WINDOWS\System32\Wbem;C:\WINDOWS\System32\WindowsPowerShell\v1.0\;C:\WINDOWS\System32\OpenSSH\;C:\Users\cam\.dnx\bin;C:\Program Files\Microsoft DNX\Dnvm\;C:\Program Files\Microsoft SQL Server\130\Tools\Binn\;C:\Program Files (x86)\NVIDIA Corporation\PhysX\Common;C:\Program Files\NVIDIA Corporation\NVIDIA NvDLISR;C:\Program Files\nodejs\;C:\Program Files\Git\cmd;C:\Users\cam\Desktop\apache-maven-3.2.5-bin\apache-maven-3.2.5\bin;C:\WINDOWS\system32;C:\WINDOWS;C:\WINDOWS\System32\Wbem;C:\WINDOWS\System32\WindowsPowerShell\v1.0\;C:\WINDOWS\System32\OpenSSH\;;C:\Program Files (x86)\Gpg4win\..\GnuPG\bin;C:\Users\cam\AppData\Local\Microsoft\WindowsApps;C:\Program Files\Intel\WiFi\bin\;C:\Program Files\Common Files\Intel\WirelessCommon\;C:\Users\cam\AppData\Roaming\npm;C:\Program Files\JetBrains\PyCharm 2018.3.2\bin;;;C:\WINDOWS\System32;
USERNAME=cam
OS=Windows_NT
PROCESSOR_IDENTIFIER=AMD64 Family 23 Model 8 Stepping 2, AuthenticAMD



---------------  S Y S T E M  ---------------

OS: Windows 10.0 , 64 bit Build 18362 (10.0.18362.329)

CPU:total 16 (initial active 16) (16 cores per cpu, 1 threads per core) family 23 model 8 stepping 2, cmov, cx8, fxsr, mmx, sse, sse2, sse3, ssse3, sse4.1, sse4.2, popcnt, avx, avx2, aes, clmul, mmxext, 3dnowpref, lzcnt, sse4a, tsc, tscinvbit, tscinv, bmi1

Memory: 4k page, physical 16720396k(10610880k free), swap 19210764k(10628376k free)

vm_info: Java HotSpot(TM) 64-Bit Server VM (25.201-b09) for windows-amd64 JRE (1.8.0_201-b09), built on Dec 15 2018 18:36:39 by "java_re" with MS VC++ 10.0 (VS2010)

time: Mon Feb 17 16:37:40 2020
timezone: Eastern Standard Time
elapsed time: 259 seconds (0d 0h 4m 19s)

